0 info it worked if it ends with ok
1 verbose cli [ 'C:\\Program Files\\nodejs\\node.exe',
1 verbose cli   'C:\\Program Files\\nodejs\\node_modules\\npm\\bin\\npm-cli.js',
1 verbose cli   'install',
1 verbose cli   'highcharts',
1 verbose cli   '--save' ]
2 info using npm@3.10.10
3 info using node@v6.10.0
4 silly loadCurrentTree Starting
5 silly install loadCurrentTree
6 silly install readLocalPackageData
7 silly fetchPackageMetaData highcharts
8 silly fetchNamedPackageData highcharts
9 silly mapToRegistry name highcharts
10 silly mapToRegistry using default registry
11 silly mapToRegistry registry https://registry.npmjs.org/
12 silly mapToRegistry data Result {
12 silly mapToRegistry   raw: 'highcharts',
12 silly mapToRegistry   scope: null,
12 silly mapToRegistry   escapedName: 'highcharts',
12 silly mapToRegistry   name: 'highcharts',
12 silly mapToRegistry   rawSpec: '',
12 silly mapToRegistry   spec: 'latest',
12 silly mapToRegistry   type: 'tag' }
13 silly mapToRegistry uri https://registry.npmjs.org/highcharts
14 verbose request uri https://registry.npmjs.org/highcharts
15 verbose request no auth needed
16 info attempt registry request try #1 at 3:19:09 PM
17 verbose request id cd7fe03b4d67d326
18 http request GET https://registry.npmjs.org/highcharts
19 http 200 https://registry.npmjs.org/highcharts
20 verbose headers { 'content-type': 'application/json; charset=UTF-8',
20 verbose headers   server: 'UploadServer',
20 verbose headers   'cache-control': 'max-age=300',
20 verbose headers   'last-modified': 'Mon, 19 Feb 2018 21:07:48 GMT',
20 verbose headers   etag: '"5a8b3ca4-d685"',
20 verbose headers   'x-npm-region': 'South-Africa',
20 verbose headers   'content-encoding': 'gzip',
20 verbose headers   'content-length': '7963',
20 verbose headers   'accept-ranges': 'bytes',
20 verbose headers   date: 'Mon, 05 Mar 2018 12:19:36 GMT',
20 verbose headers   via: '1.1 varnish',
20 verbose headers   age: '10823',
20 verbose headers   connection: 'keep-alive',
20 verbose headers   'x-served-by': 'cache-cpt19521-CPT',
20 verbose headers   'x-cache': 'HIT',
20 verbose headers   'x-cache-hits': '1',
20 verbose headers   'x-timer': 'S1520252376.422206,VS0,VE1',
20 verbose headers   vary: 'Accept-Encoding, Accept' }
21 silly get cb [ 200,
21 silly get   { 'content-type': 'application/json; charset=UTF-8',
21 silly get     server: 'UploadServer',
21 silly get     'cache-control': 'max-age=300',
21 silly get     'last-modified': 'Mon, 19 Feb 2018 21:07:48 GMT',
21 silly get     etag: '"5a8b3ca4-d685"',
21 silly get     'x-npm-region': 'South-Africa',
21 silly get     'content-encoding': 'gzip',
21 silly get     'content-length': '7963',
21 silly get     'accept-ranges': 'bytes',
21 silly get     date: 'Mon, 05 Mar 2018 12:19:36 GMT',
21 silly get     via: '1.1 varnish',
21 silly get     age: '10823',
21 silly get     connection: 'keep-alive',
21 silly get     'x-served-by': 'cache-cpt19521-CPT',
21 silly get     'x-cache': 'HIT',
21 silly get     'x-cache-hits': '1',
21 silly get     'x-timer': 'S1520252376.422206,VS0,VE1',
21 silly get     vary: 'Accept-Encoding, Accept' } ]
22 verbose get saving highcharts to C:\Users\CODE\AppData\Roaming\npm-cache\registry.npmjs.org\highcharts\.cache.json
23 verbose correctMkdir C:\Users\CODE\AppData\Roaming\npm-cache correctMkdir not in flight; initializing
24 silly install normalizeTree
25 silly loadCurrentTree Finishing
26 silly loadIdealTree Starting
27 silly install loadIdealTree
28 silly cloneCurrentTree Starting
29 silly install cloneCurrentTreeToIdealTree
30 silly cloneCurrentTree Finishing
31 silly loadShrinkwrap Starting
32 silly install loadShrinkwrap
33 silly loadShrinkwrap Finishing
34 silly loadAllDepsIntoIdealTree Starting
35 silly install loadAllDepsIntoIdealTree
36 silly resolveWithNewModule highcharts@6.0.7 checking installable status
37 silly cache add args [ 'highcharts', null ]
38 verbose cache add spec highcharts
39 silly cache add parsed spec Result {
39 silly cache add   raw: 'highcharts',
39 silly cache add   scope: null,
39 silly cache add   escapedName: 'highcharts',
39 silly cache add   name: 'highcharts',
39 silly cache add   rawSpec: '',
39 silly cache add   spec: 'latest',
39 silly cache add   type: 'tag' }
40 silly addNamed highcharts@latest
41 verbose addNamed "latest" is being treated as a dist-tag for highcharts
42 info addNameTag [ 'highcharts', 'latest' ]
43 silly mapToRegistry name highcharts
44 silly mapToRegistry using default registry
45 silly mapToRegistry registry https://registry.npmjs.org/
46 silly mapToRegistry data Result {
46 silly mapToRegistry   raw: 'highcharts',
46 silly mapToRegistry   scope: null,
46 silly mapToRegistry   escapedName: 'highcharts',
46 silly mapToRegistry   name: 'highcharts',
46 silly mapToRegistry   rawSpec: '',
46 silly mapToRegistry   spec: 'latest',
46 silly mapToRegistry   type: 'tag' }
47 silly mapToRegistry uri https://registry.npmjs.org/highcharts
48 verbose addNameTag registry:https://registry.npmjs.org/highcharts not in flight; fetching
49 verbose get https://registry.npmjs.org/highcharts not expired, no request
50 silly addNameTag next cb for highcharts with tag latest
51 silly addNamed highcharts@6.0.7
52 verbose addNamed "6.0.7" is a plain semver version for highcharts
53 silly mapToRegistry name highcharts
54 silly mapToRegistry using default registry
55 silly mapToRegistry registry https://registry.npmjs.org/
56 silly mapToRegistry data Result {
56 silly mapToRegistry   raw: 'highcharts',
56 silly mapToRegistry   scope: null,
56 silly mapToRegistry   escapedName: 'highcharts',
56 silly mapToRegistry   name: 'highcharts',
56 silly mapToRegistry   rawSpec: '',
56 silly mapToRegistry   spec: 'latest',
56 silly mapToRegistry   type: 'tag' }
57 silly mapToRegistry uri https://registry.npmjs.org/highcharts
58 verbose addRemoteTarball https://registry.npmjs.org/highcharts/-/highcharts-6.0.7.tgz not in flight; adding
59 verbose addRemoteTarball [ 'https://registry.npmjs.org/highcharts/-/highcharts-6.0.7.tgz',
59 verbose addRemoteTarball   'fd5c4f24fdc61a04ae155a5b70830a96c8f70919' ]
60 info retry fetch attempt 1 at 3:19:38 PM
61 info attempt registry request try #1 at 3:19:38 PM
62 http fetch GET https://registry.npmjs.org/highcharts/-/highcharts-6.0.7.tgz
63 http fetch 200 https://registry.npmjs.org/highcharts/-/highcharts-6.0.7.tgz
64 info retry will retry, error on last attempt: Error: read ECONNRESET
65 silly fetchAndShaCheck shasum fd5c4f24fdc61a04ae155a5b70830a96c8f70919
66 silly rollbackFailedOptional Starting
67 silly rollbackFailedOptional Finishing
68 silly runTopLevelLifecycles Finishing
69 silly install printInstalled
70 verbose stack Error: shasum check failed for C:\Users\CODE\AppData\Local\Temp\npm-5524-fed4ea88\registry.npmjs.org\highcharts\-\highcharts-6.0.7.tgz
70 verbose stack Expected: fd5c4f24fdc61a04ae155a5b70830a96c8f70919
70 verbose stack Actual:   e96b693123af5f7a27e440a2d39827ff8c9e0104
70 verbose stack From:     https://registry.npmjs.org/highcharts/-/highcharts-6.0.7.tgz
70 verbose stack     at C:\Program Files\nodejs\node_modules\npm\node_modules\sha\index.js:25:8
70 verbose stack     at ReadStream.<anonymous> (C:\Program Files\nodejs\node_modules\npm\node_modules\sha\index.js:72:7)
70 verbose stack     at emitNone (events.js:91:20)
70 verbose stack     at ReadStream.emit (events.js:185:7)
70 verbose stack     at endReadableNT (_stream_readable.js:974:12)
70 verbose stack     at _combinedTickCallback (internal/process/next_tick.js:74:11)
70 verbose stack     at process._tickCallback (internal/process/next_tick.js:98:9)
71 verbose cwd C:\Users\CODE\Desktop\ionic\FinalYearProject
72 error Windows_NT 6.1.7601
73 error argv "C:\\Program Files\\nodejs\\node.exe" "C:\\Program Files\\nodejs\\node_modules\\npm\\bin\\npm-cli.js" "install" "highcharts" "--save"
74 error node v6.10.0
75 error npm  v3.10.10
76 error shasum check failed for C:\Users\CODE\AppData\Local\Temp\npm-5524-fed4ea88\registry.npmjs.org\highcharts\-\highcharts-6.0.7.tgz
76 error Expected: fd5c4f24fdc61a04ae155a5b70830a96c8f70919
76 error Actual:   e96b693123af5f7a27e440a2d39827ff8c9e0104
76 error From:     https://registry.npmjs.org/highcharts/-/highcharts-6.0.7.tgz
77 error If you need help, you may report this error at:
77 error     <https://github.com/npm/npm/issues>
78 verbose exit [ 1, true ]
